0 info it worked if it ends with ok
1 verbose cli [ '/usr/bin/node', '/usr/bin/npm', 'run', 'doc' ]
2 info using npm@3.5.2
3 info using node@v8.10.0
4 verbose run-script [ 'predoc', 'doc', 'postdoc' ]
5 info lifecycle tablex@1.0.0~predoc: tablex@1.0.0
6 silly lifecycle tablex@1.0.0~predoc: no script for predoc, continuing
7 info lifecycle tablex@1.0.0~doc: tablex@1.0.0
8 verbose lifecycle tablex@1.0.0~doc: unsafe-perm in lifecycle true
9 verbose lifecycle tablex@1.0.0~doc: PATH: /usr/share/npm/bin/node-gyp-bin:/home/nexx/develop/tablex/node_modules/.bin:/usr/local/sbin:/usr/local/bin:/usr/sbin:/usr/bin:/sbin:/bin:/usr/games:/usr/local/games:/snap/bin
10 verbose lifecycle tablex@1.0.0~doc: CWD: /home/nexx/develop/tablex
11 silly lifecycle tablex@1.0.0~doc: Args: [ '-c', 'umi-lib doc dev' ]
12 silly lifecycle tablex@1.0.0~doc: Returned: code: 1  signal: null
13 info lifecycle tablex@1.0.0~doc: Failed to exec doc script
14 verbose stack Error: tablex@1.0.0 doc: `umi-lib doc dev`
14 verbose stack Exit status 1
14 verbose stack     at EventEmitter.<anonymous> (/usr/share/npm/lib/utils/lifecycle.js:232:16)
14 verbose stack     at emitTwo (events.js:126:13)
14 verbose stack     at EventEmitter.emit (events.js:214:7)
14 verbose stack     at ChildProcess.<anonymous> (/usr/share/npm/lib/utils/spawn.js:24:14)
14 verbose stack     at emitTwo (events.js:126:13)
14 verbose stack     at ChildProcess.emit (events.js:214:7)
14 verbose stack     at maybeClose (internal/child_process.js:925:16)
14 verbose stack     at Process.ChildProcess._handle.onexit (internal/child_process.js:209:5)
15 verbose pkgid tablex@1.0.0
16 verbose cwd /home/nexx/develop/tablex
17 error Linux 4.18.0-17-generic
18 error argv "/usr/bin/node" "/usr/bin/npm" "run" "doc"
19 error node v8.10.0
20 error npm  v3.5.2
21 error code ELIFECYCLE
22 error tablex@1.0.0 doc: `umi-lib doc dev`
22 error Exit status 1
23 error Failed at the tablex@1.0.0 doc script 'umi-lib doc dev'.
23 error Make sure you have the latest version of node.js and npm installed.
23 error If you do, this is most likely a problem with the tablex package,
23 error not with npm itself.
23 error Tell the author that this fails on your system:
23 error     umi-lib doc dev
23 error You can get information on how to open an issue for this project with:
23 error     npm bugs tablex
23 error Or if that isn't available, you can get their info via:
23 error     npm owner ls tablex
23 error There is likely additional logging output above.
24 verbose exit [ 1, true ]
